info it worked if it ends with ok
verbose cli [ 'node', '/usr/local/bin/npm', 'install', 'metro.js' ]
info using npm@1.0.94
info using node@v0.4.12
verbose /usr/local/bin/node node symlink
verbose config file /Users/viatropos/.npmrc
verbose config file /usr/local/etc/npmrc
silly testEngine { name: 'jasmine-node',
silly testEngine   version: '1.0.11',
silly testEngine   description: 'DOM-less simple JavaScript BDD testing framework for Node',
silly testEngine   homepage: 
silly testEngine    [ 'http://pivotal.github.com/jasmine',
silly testEngine      'https://github.com/mhevery/jasmine-node' ],
silly testEngine   repository: 
silly testEngine    { type: 'git',
silly testEngine      url: 'git://github.com/mhevery/jasmine-node.git' },
silly testEngine   keywords: [ 'testing', 'bdd' ],
silly testEngine   author: { name: 'Misko Hevery', email: 'misko@hevery.com' },
silly testEngine   contributors: 
silly testEngine    [ { name: 'Rajan Agaskar' },
silly testEngine      { name: 'Christian Williams' },
silly testEngine      { name: 'Davis W. Frank',
silly testEngine        email: 'dwfrank@pivotallabs.com' },
silly testEngine      { name: 'Matteo Collina',
silly testEngine        email: 'matteo.collina@gmail.com' } ],
silly testEngine   maintainers: 'Martin Häger <martin.haeger@gmail.com>',
silly testEngine   licenses: [ 'MIT' ],
silly testEngine   dependencies: 
silly testEngine    { 'coffee-script': '>=1.0.1',
silly testEngine      'jasmine-reporters': '0.1.0' },
silly testEngine   bin: { 'jasmine-node': 'bin/jasmine-node' },
silly testEngine   main: 'lib/jasmine-node',
silly testEngine   _id: 'jasmine-node@1.0.11',
silly testEngine   devDependencies: {},
silly testEngine   engines: { node: '*' },
silly testEngine   _engineSupported: true,
silly testEngine   _npmVersion: '1.0.94',
silly testEngine   _nodeVersion: 'v0.4.12',
silly testEngine   _defaultsLoaded: true }
verbose caching /Users/viatropos/Documents/git/personal/plugins/metro.js/node_modules/jasmine-node/package.json
verbose loadDefaults jasmine-node@1.0.11
silly testEngine { name: 'uglify-js',
silly testEngine   description: 'JavaScript parser and compressor/beautifier toolkit',
silly testEngine   author: 
silly testEngine    { name: 'Mihai Bazon',
silly testEngine      email: 'mihai.bazon@gmail.com',
silly testEngine      url: 'http://mihai.bazon.net/blog' },
silly testEngine   version: '1.1.1',
silly testEngine   main: './uglify-js.js',
silly testEngine   bin: { uglifyjs: './bin/uglifyjs' },
silly testEngine   repository: 
silly testEngine    { type: 'git',
silly testEngine      url: 'git@github.com:mishoo/UglifyJS.git' },
silly testEngine   _id: 'uglify-js@1.1.1',
silly testEngine   dependencies: {},
silly testEngine   devDependencies: {},
silly testEngine   engines: { node: '*' },
silly testEngine   _engineSupported: true,
silly testEngine   _npmVersion: '1.0.94',
silly testEngine   _nodeVersion: 'v0.4.12',
silly testEngine   _defaultsLoaded: true }
verbose caching /Users/viatropos/Documents/git/personal/plugins/metro.js/node_modules/uglify-js/package.json
verbose loadDefaults uglify-js@1.1.1
verbose into /Users/viatropos/Documents/git/personal/plugins/metro.js [ 'metro.js' ]
verbose cache add metro.js
verbose cache add [ 'metro.js', null ]
silly cache add: name, spec, args [ undefined, 'metro.js', [ 'metro.js', null ] ]
verbose parsed url { pathname: 'metro.js', href: 'metro.js' }
info addNamed [ 'metro.js', '' ]
verbose addNamed [ null, '' ]
verbose GET metro.js
verbose raw, before any munging metro.js
verbose url resolving [ 'https://registry.npmjs.org/', './metro.js' ]
verbose url resolved https://registry.npmjs.org/metro.js
silly get cb [ 404,
silly get cb   { server: 'CouchDB/1.1.0 (Erlang OTP/R14B03)',
silly get cb     date: 'Wed, 12 Oct 2011 02:49:39 GMT',
silly get cb     'content-type': 'application/json',
silly get cb     'content-length': '52',
silly get cb     'cache-control': 'must-revalidate' } ]
ERR! 404 'metro.js' is not in the npm registry.
ERR! 404 You could maybe bug the author to publish it
ERR! 404 Maybe try 'npm search metro'
ERR! 404 Note that you can also install from a tarball or folder.
ERR! 
ERR! System Darwin 10.7.0
ERR! command "node" "/usr/local/bin/npm" "install" "metro.js"
ERR! cwd /Users/viatropos/Documents/git/personal/plugins/metro.js
ERR! node -v v0.4.12
ERR! npm -v 1.0.94
ERR! code E404
verbose exit [ 1, true ]
